<?xml version="1.0" encoding="UTF-8"?>
<testng-results ignored="0" total="1" passed="1" failed="0" skipped="0">
  <reporter-output>
  </reporter-output>
  <suite started-at="2021-11-16T14:43:17 AEDT" name="Default suite" finished-at="2021-11-16T14:43:32 AEDT" duration-ms="14929">
    <groups>
    </groups>
    <test started-at="2021-11-16T14:43:17 AEDT" name="Default test" finished-at="2021-11-16T14:43:32 AEDT" duration-ms="14929">
      <class name="com.inetBanking.testCase.TC_LoginPage_001">
        <test-method is-config="true" signature="Setup()[pri:0, instance:com.inetBanking.testCase.TC_LoginPage_001@c267ef4]" started-at="2021-11-16T14:43:17 AEDT" name="Setup" finished-at="2021-11-16T14:43:28 AEDT" duration-ms="10981" status="PASS">
          <reporter-output>
          </reporter-output>
        </test-method> <!-- Setup -->
        <test-method signature="LoginTest()[pri:0, instance:com.inetBanking.testCase.TC_LoginPage_001@c267ef4]" started-at="2021-11-16T14:43:28 AEDT" name="LoginTest" finished-at="2021-11-16T14:43:32 AEDT" duration-ms="3766" status="PASS">
          <reporter-output>
          </reporter-output>
        </test-method> <!-- LoginTest -->
        <test-method is-config="true" signature="tearDown()[pri:0, instance:com.inetBanking.testCase.TC_LoginPage_001@c267ef4]" started-at="2021-11-16T14:43:32 AEDT" name="tearDown" finished-at="2021-11-16T14:43:32 AEDT" duration-ms="146" status="PASS">
          <reporter-output>
          </reporter-output>
        </test-method> <!-- tearDown -->
      </class> <!-- com.inetBanking.testCase.TC_LoginPage_001 -->
    </test> <!-- Default test -->
  </suite> <!-- Default suite -->
</testng-results>
